<?xml version="1.0" encoding="UTF-8"?>
<robot generator="Robot 7.2.2 (Python 3.13.1 on win32)" generated="2025-03-27T14:56:56.512073" rpa="false" schemaversion="5">
<suite id="s1" name="Movie Tests" source="C:\Users\EHASSAALB\PycharmProjects\ta-technical-task\tests\movie_tests.robot">
<kw name="Open Browser To Movies Page" type="SETUP">
<msg time="2025-03-27T14:56:56.574039" level="FAIL">No keyword with name 'Open Browser To Movies Page' found.</msg>
<status status="FAIL" start="2025-03-27T14:56:56.573886" elapsed="0.000270">No keyword with name 'Open Browser To Movies Page' found.</status>
</kw>
<test id="s1-t1" name="Verify Movie List Displayed" line="15">
<doc>Verify that movie tiles are displayed on page load</doc>
<tag>critical</tag>
<tag>smoke</tag>
<status status="FAIL" start="2025-03-27T14:56:56.574314" elapsed="0.000681">Parent suite setup failed:
No keyword with name 'Open Browser To Movies Page' found.</status>
</test>
<kw name="Close All Browsers" type="TEARDOWN">
<msg time="2025-03-27T14:56:56.576778" level="FAIL">No keyword with name 'Close All Browsers' found.</msg>
<status status="FAIL" start="2025-03-27T14:56:56.576610" elapsed="0.000285">No keyword with name 'Close All Browsers' found.</status>
</kw>
<doc>Test suite for Top Movies website functionality</doc>
<status status="FAIL" start="2025-03-27T14:56:56.535039" elapsed="0.041957">Suite setup failed:
No keyword with name 'Open Browser To Movies Page' found.

Also suite teardown failed:
No keyword with name 'Close All Browsers' found.</status>
</suite>
<statistics>
<total>
<stat pass="0" fail="1" skip="0">All Tests</stat>
</total>
<tag>
<stat pass="0" fail="1" skip="0">critical</stat>
<stat pass="0" fail="1" skip="0">smoke</stat>
</tag>
<suite>
<stat name="Movie Tests" id="s1" pass="0" fail="1" skip="0">Movie Tests</stat>
</suite>
</statistics>
<errors>
<msg time="2025-03-27T14:56:56.562812" level="ERROR">Error in file 'C:\Users\EHASSAALB\PycharmProjects\ta-technical-task\tests\movie_tests.robot' on line 3: Importing library 'SeleniumLibrary' failed: ModuleNotFoundError: No module named 'SeleniumLibrary'
Traceback (most recent call last):
  None
PYTHONPATH:
  C:\Users\EHASSAALB\AppData\Roaming\JetBrains\PyCharm2024.3\plugins\robotframework-intellij\lib\robotframework_debug_adapter
  C:\Users\EHASSAALB\PycharmProjects\ta-technical-task
  C:\Users\EHASSAALB\AppData\Roaming\JetBrains\PyCharm2024.3\plugins\robotframework-intellij\lib
  C:\Users\EHASSAALB\AppData\Roaming\JetBrains\PyCharm2024.3\plugins\robotframework-intellij\lib\robotframework_ls\vendored
  C:\Python313\python313.zip
  C:\Python313\DLLs
  C:\Python313\Lib
  C:\Python313
  C:\Users\EHASSAALB\AppData\Roaming\Python\Python313\site-packages
  C:\Python313\Lib\site-packages</msg>
<msg time="2025-03-27T14:56:56.571159" level="ERROR">Error in file 'C:\Users\EHASSAALB\PycharmProjects\ta-technical-task\resources\common_keywords.robot' on line 2: Importing library 'SeleniumLibrary' failed: ModuleNotFoundError: No module named 'SeleniumLibrary'
Traceback (most recent call last):
  None
PYTHONPATH:
  C:\Users\EHASSAALB\AppData\Roaming\JetBrains\PyCharm2024.3\plugins\robotframework-intellij\lib\robotframework_debug_adapter
  C:\Users\EHASSAALB\PycharmProjects\ta-technical-task
  C:\Users\EHASSAALB\AppData\Roaming\JetBrains\PyCharm2024.3\plugins\robotframework-intellij\lib
  C:\Users\EHASSAALB\AppData\Roaming\JetBrains\PyCharm2024.3\plugins\robotframework-intellij\lib\robotframework_ls\vendored
  C:\Python313\python313.zip
  C:\Python313\DLLs
  C:\Python313\Lib
  C:\Python313
  C:\Users\EHASSAALB\AppData\Roaming\Python\Python313\site-packages
  C:\Python313\Lib\site-packages</msg>
</errors>
</robot>
